<!doctype html>
<html lang="">
<head>
    <meta charset="UTF-8">
    <meta name="viewport"
          content="width=device-width, user-scalable=no, initial-scale=1.0, maximum-scale=1.0, minimum-scale=1.0">
    <meta http-equiv="X-UA-Compatible" content="ie=edge">
    <title>Test Results Report - AmazonTest</title>

    <link href="reportng.css" rel="stylesheet" type="text/css"/>
</head>
<body>
<div id="meta">
Generated by <a href="http://www.testng.org" target="_blank">TestNG</a> with <a href="https://github.com/testng-team/reportng" target="_blank">ReportNG</a>
at 08:17 IST on Sunday 02 May 2021
    <br/><span
    id="systemInfo">503000218@insyfhydmx00218&nbsp;/&nbsp;Java 1.8.0_201 (Oracle Corporation)&nbsp;/&nbsp;Mac OS X 10.15.7 (x86_64)</span>
</div>
<h1>AmazonTest</h1>

<p>
    <a href="index.html">Suites</a>
        &#183; <a href="output.html">Log Output</a>
</p>

<p>Test duration
    : 58.265s</p>

    <table class="resultsTable configTable">
        <tr>
            <th class="header failedConfig"
                colspan="3">Failed Configuration</th>
        </tr>
            <tr class="group">
                <td colspan="3">SelectProductTest</td>
            </tr>
    <tr>
        <td class="method">
                beforeTest
        </td>
        <td class="duration">
            58.265s
        </td>
        <td class="result">
            <!-- Display the dependencies for skipped test methods -->


            <!-- Show logger output for the test -->

                <a href="javascript:toggleElement('exception-0', 'block')"
                   title="Click to expand/collapse">
                    <b>org.openqa.selenium.SessionNotCreatedException: Unable to create a new remote session. Please check the server log for more details. Original error: An unknown server-side error occurred while processing the command. Original error: Cannot start the &apos;com.amazon.mShop.android.shopping&apos; application. Visit https://github.com/appium/appium/blob/master/docs/en/writing-running-appium/android/activity-startup.md for troubleshooting. Original error: Cannot start the &apos;com.amazon.mShop.android.shopping&apos; application. Visit https://github.com/appium/appium/blob/master/docs/en/writing-running-appium/android/activity-startup.md for troubleshooting. Original error: Activity name &apos;.com.amazon.mShop.home.HomeActivity&apos; used to start the app doesn&apos;t exist or cannot be launched! Make sure it exists and is a launchable activity<br/>
Build info: version: &apos;3.141.59&apos;, revision: &apos;e82be7d358&apos;, time: &apos;2018-11-14T08:17:03&apos;<br/>
System info: host: &apos;insyfhydmx00218&apos;, ip: &apos;fe80:0:0:0:1c48:a666:6639:28af%en0&apos;, os.name: &apos;Mac OS X&apos;, os.arch: &apos;x86_64&apos;, os.version: &apos;10.15.7&apos;, java.version: &apos;1.8.0_201&apos;<br/>
Driver info: driver.version: AppiumDriver<br/>
remote stacktrace: UnknownError: An unknown server-side error occurred while processing the command. Original error: Cannot start the &apos;com.amazon.mShop.android.shopping&apos; application. Visit https://github.com/appium/appium/blob/master/docs/en/writing-running-appium/android/activity-startup.md for troubleshooting. Original error: Cannot start the &apos;com.amazon.mShop.android.shopping&apos; application. Visit https://github.com/appium/appium/blob/master/docs/en/writing-running-appium/android/activity-startup.md for troubleshooting. Original error: Activity name &apos;.com.amazon.mShop.home.HomeActivity&apos; used to start the app doesn&apos;t exist or cannot be launched! Make sure it exists and is a launchable activity<br/>
&nbsp;&nbsp;&nbsp; at getResponseForW3CError (/Applications/Appium.app/Contents/Resources/app/node_modules/appium/node_modules/appium-base-driver/lib/protocol/errors.js:804:9)<br/>
&nbsp;&nbsp;&nbsp; at asyncHandler (/Applications/Appium.app/Contents/Resources/app/node_modules/appium/node_modules/appium-base-driver/lib/protocol/protocol.js:381:37)<br/>
Build info: version: &apos;3.141.59&apos;, revision: &apos;e82be7d358&apos;, time: &apos;2018-11-14T08:17:03&apos;<br/>
System info: host: &apos;insyfhydmx00218&apos;, ip: &apos;fe80:0:0:0:1c48:a666:6639:28af%en0&apos;, os.name: &apos;Mac OS X&apos;, os.arch: &apos;x86_64&apos;, os.version: &apos;10.15.7&apos;, java.version: &apos;1.8.0_201&apos;<br/>
Driver info: driver.version: AppiumDriver</b>
                </a>
                <br/>
                <div class="stackTrace" id="exception-0">
                        io.appium.java_client.remote.AppiumCommandExecutor$1.createSession(AppiumCommandExecutor.java:208)<br/>
                        io.appium.java_client.remote.AppiumCommandExecutor.createSession(AppiumCommandExecutor.java:217)<br/>
                        io.appium.java_client.remote.AppiumCommandExecutor.execute(AppiumCommandExecutor.java:239)<br/>
                        org.openqa.selenium.remote.RemoteWebDriver.execute(RemoteWebDriver.java:552)<br/>
                        io.appium.java_client.DefaultGenericMobileDriver.execute(DefaultGenericMobileDriver.java:41)<br/>
                        io.appium.java_client.AppiumDriver.execute(AppiumDriver.java:1)<br/>
                        org.openqa.selenium.remote.RemoteWebDriver.startSession(RemoteWebDriver.java:213)<br/>
                        io.appium.java_client.AppiumDriver.startSession(AppiumDriver.java:336)<br/>
                        org.openqa.selenium.remote.RemoteWebDriver.&lt;init&gt;(RemoteWebDriver.java:131)<br/>
                        io.appium.java_client.DefaultGenericMobileDriver.&lt;init&gt;(DefaultGenericMobileDriver.java:37)<br/>
                        io.appium.java_client.AppiumDriver.&lt;init&gt;(AppiumDriver.java:88)<br/>
                        io.appium.java_client.AppiumDriver.&lt;init&gt;(AppiumDriver.java:98)<br/>
                        Base.DriverFactory.launchAppiumDriver(DriverFactory.java:47)<br/>
                        Base.DriverFactory.initAppiumDriver(DriverFactory.java:64)<br/>
                        SelectProductTest.beforeTest(SelectProductTest.java:19)<br/>
                        sun.reflect.NativeMethodAccessorImpl.invoke0(Native Method)<br/>
                        sun.reflect.NativeMethodAccessorImpl.invoke(NativeMethodAccessorImpl.java:62)<br/>
                        sun.reflect.DelegatingMethodAccessorImpl.invoke(DelegatingMethodAccessorImpl.java:43)<br/>
                        java.lang.reflect.Method.invoke(Method.java:498)<br/>
                        org.testng.internal.MethodInvocationHelper.invokeMethod(MethodInvocationHelper.java:124)<br/>
                        org.testng.internal.MethodInvocationHelper.invokeMethodConsideringTimeout(MethodInvocationHelper.java:59)<br/>
                        org.testng.internal.Invoker.invokeConfigurationMethod(Invoker.java:458)<br/>
                        org.testng.internal.Invoker.invokeConfigurations(Invoker.java:222)<br/>
                        org.testng.internal.Invoker.invokeMethod(Invoker.java:523)<br/>
                        org.testng.internal.Invoker.invokeTestMethod(Invoker.java:719)<br/>
                        org.testng.internal.Invoker.invokeTestMethods(Invoker.java:989)<br/>
                        org.testng.internal.TestMethodWorker.invokeTestMethods(TestMethodWorker.java:125)<br/>
                        org.testng.internal.TestMethodWorker.run(TestMethodWorker.java:109)<br/>
                        org.testng.TestRunner.privateRun(TestRunner.java:648)<br/>
                        org.testng.TestRunner.run(TestRunner.java:505)<br/>
                        org.testng.SuiteRunner.runTest(SuiteRunner.java:455)<br/>
                        org.testng.SuiteRunner.runSequentially(SuiteRunner.java:450)<br/>
                        org.testng.SuiteRunner.privateRun(SuiteRunner.java:415)<br/>
                        org.testng.SuiteRunner.run(SuiteRunner.java:364)<br/>
                        org.testng.SuiteRunnerWorker.runSuite(SuiteRunnerWorker.java:52)<br/>
                        org.testng.SuiteRunnerWorker.run(SuiteRunnerWorker.java:84)<br/>
                        org.testng.TestNG.runSuitesSequentially(TestNG.java:1208)<br/>
                        org.testng.TestNG.runSuitesLocally(TestNG.java:1137)<br/>
                        org.testng.TestNG.runSuites(TestNG.java:1049)<br/>
                        org.testng.TestNG.run(TestNG.java:1017)<br/>
                        org.testng.IDEARemoteTestNG.run(IDEARemoteTestNG.java:72)<br/>
                        org.testng.RemoteTestNGStarter.main(RemoteTestNGStarter.java:123)<br/>
                        <b>Caused by: </b>
                        <a href="javascript:toggleElement('exception-1', 'block')"
                           title="Click to expand/collapse">
                            java.lang.reflect.InvocationTargetException
                        </a>
                        <br/>
                        <div class="stackTrace" id="exception-1">
                                sun.reflect.NativeMethodAccessorImpl.invoke0(Native Method)<br/>
                                sun.reflect.NativeMethodAccessorImpl.invoke(NativeMethodAccessorImpl.java:62)<br/>
                                sun.reflect.DelegatingMethodAccessorImpl.invoke(DelegatingMethodAccessorImpl.java:43)<br/>
                                java.lang.reflect.Method.invoke(Method.java:498)<br/>
                                io.appium.java_client.remote.AppiumCommandExecutor$1.createSession(AppiumCommandExecutor.java:186)<br/>
                                io.appium.java_client.remote.AppiumCommandExecutor.createSession(AppiumCommandExecutor.java:217)<br/>
                                io.appium.java_client.remote.AppiumCommandExecutor.execute(AppiumCommandExecutor.java:239)<br/>
                                org.openqa.selenium.remote.RemoteWebDriver.execute(RemoteWebDriver.java:552)<br/>
                                io.appium.java_client.DefaultGenericMobileDriver.execute(DefaultGenericMobileDriver.java:41)<br/>
                                io.appium.java_client.AppiumDriver.execute(AppiumDriver.java:1)<br/>
                                org.openqa.selenium.remote.RemoteWebDriver.startSession(RemoteWebDriver.java:213)<br/>
                                io.appium.java_client.AppiumDriver.startSession(AppiumDriver.java:336)<br/>
                                org.openqa.selenium.remote.RemoteWebDriver.&lt;init&gt;(RemoteWebDriver.java:131)<br/>
                                io.appium.java_client.DefaultGenericMobileDriver.&lt;init&gt;(DefaultGenericMobileDriver.java:37)<br/>
                                io.appium.java_client.AppiumDriver.&lt;init&gt;(AppiumDriver.java:88)<br/>
                                io.appium.java_client.AppiumDriver.&lt;init&gt;(AppiumDriver.java:98)<br/>
                                Base.DriverFactory.launchAppiumDriver(DriverFactory.java:47)<br/>
                                Base.DriverFactory.initAppiumDriver(DriverFactory.java:64)<br/>
                                SelectProductTest.beforeTest(SelectProductTest.java:19)<br/>
                                sun.reflect.NativeMethodAccessorImpl.invoke0(Native Method)<br/>
                                sun.reflect.NativeMethodAccessorImpl.invoke(NativeMethodAccessorImpl.java:62)<br/>
                                sun.reflect.DelegatingMethodAccessorImpl.invoke(DelegatingMethodAccessorImpl.java:43)<br/>
                                java.lang.reflect.Method.invoke(Method.java:498)<br/>
                                org.testng.internal.MethodInvocationHelper.invokeMethod(MethodInvocationHelper.java:124)<br/>
                                org.testng.internal.MethodInvocationHelper.invokeMethodConsideringTimeout(MethodInvocationHelper.java:59)<br/>
                                org.testng.internal.Invoker.invokeConfigurationMethod(Invoker.java:458)<br/>
                                org.testng.internal.Invoker.invokeConfigurations(Invoker.java:222)<br/>
                                org.testng.internal.Invoker.invokeMethod(Invoker.java:523)<br/>
                                org.testng.internal.Invoker.invokeTestMethod(Invoker.java:719)<br/>
                                org.testng.internal.Invoker.invokeTestMethods(Invoker.java:989)<br/>
                                org.testng.internal.TestMethodWorker.invokeTestMethods(TestMethodWorker.java:125)<br/>
                                org.testng.internal.TestMethodWorker.run(TestMethodWorker.java:109)<br/>
                                org.testng.TestRunner.privateRun(TestRunner.java:648)<br/>
                                org.testng.TestRunner.run(TestRunner.java:505)<br/>
                                org.testng.SuiteRunner.runTest(SuiteRunner.java:455)<br/>
                                org.testng.SuiteRunner.runSequentially(SuiteRunner.java:450)<br/>
                                org.testng.SuiteRunner.privateRun(SuiteRunner.java:415)<br/>
                                org.testng.SuiteRunner.run(SuiteRunner.java:364)<br/>
                                org.testng.SuiteRunnerWorker.runSuite(SuiteRunnerWorker.java:52)<br/>
                                org.testng.SuiteRunnerWorker.run(SuiteRunnerWorker.java:84)<br/>
                                org.testng.TestNG.runSuitesSequentially(TestNG.java:1208)<br/>
                                org.testng.TestNG.runSuitesLocally(TestNG.java:1137)<br/>
                                org.testng.TestNG.runSuites(TestNG.java:1049)<br/>
                                org.testng.TestNG.run(TestNG.java:1017)<br/>
                                org.testng.IDEARemoteTestNG.run(IDEARemoteTestNG.java:72)<br/>
                                org.testng.RemoteTestNGStarter.main(RemoteTestNGStarter.java:123)<br/>
                        </div>
                        <b>Caused by: </b>
                        <a href="javascript:toggleElement('exception-2', 'block')"
                           title="Click to expand/collapse">
                            org.openqa.selenium.WebDriverException: An unknown server-side error occurred while processing the command. Original error: Cannot start the &apos;com.amazon.mShop.android.shopping&apos; application. Visit https://github.com/appium/appium/blob/master/docs/en/writing-running-appium/android/activity-startup.md for troubleshooting. Original error: Cannot start the &apos;com.amazon.mShop.android.shopping&apos; application. Visit https://github.com/appium/appium/blob/master/docs/en/writing-running-appium/android/activity-startup.md for troubleshooting. Original error: Activity name &apos;.com.amazon.mShop.home.HomeActivity&apos; used to start the app doesn&apos;t exist or cannot be launched! Make sure it exists and is a launchable activity<br/>
Build info: version: &apos;3.141.59&apos;, revision: &apos;e82be7d358&apos;, time: &apos;2018-11-14T08:17:03&apos;<br/>
System info: host: &apos;insyfhydmx00218&apos;, ip: &apos;fe80:0:0:0:1c48:a666:6639:28af%en0&apos;, os.name: &apos;Mac OS X&apos;, os.arch: &apos;x86_64&apos;, os.version: &apos;10.15.7&apos;, java.version: &apos;1.8.0_201&apos;<br/>
Driver info: driver.version: AppiumDriver<br/>
remote stacktrace: UnknownError: An unknown server-side error occurred while processing the command. Original error: Cannot start the &apos;com.amazon.mShop.android.shopping&apos; application. Visit https://github.com/appium/appium/blob/master/docs/en/writing-running-appium/android/activity-startup.md for troubleshooting. Original error: Cannot start the &apos;com.amazon.mShop.android.shopping&apos; application. Visit https://github.com/appium/appium/blob/master/docs/en/writing-running-appium/android/activity-startup.md for troubleshooting. Original error: Activity name &apos;.com.amazon.mShop.home.HomeActivity&apos; used to start the app doesn&apos;t exist or cannot be launched! Make sure it exists and is a launchable activity<br/>
&nbsp;&nbsp;&nbsp; at getResponseForW3CError (/Applications/Appium.app/Contents/Resources/app/node_modules/appium/node_modules/appium-base-driver/lib/protocol/errors.js:804:9)<br/>
&nbsp;&nbsp;&nbsp; at asyncHandler (/Applications/Appium.app/Contents/Resources/app/node_modules/appium/node_modules/appium-base-driver/lib/protocol/protocol.js:381:37)
                        </a>
                        <br/>
                        <div class="stackTrace" id="exception-2">
                                sun.reflect.NativeConstructorAccessorImpl.newInstance0(Native Method)<br/>
                                sun.reflect.NativeConstructorAccessorImpl.newInstance(NativeConstructorAccessorImpl.java:62)<br/>
                                sun.reflect.DelegatingConstructorAccessorImpl.newInstance(DelegatingConstructorAccessorImpl.java:45)<br/>
                                java.lang.reflect.Constructor.newInstance(Constructor.java:423)<br/>
                                org.openqa.selenium.remote.W3CHandshakeResponse.lambda$errorHandler$0(W3CHandshakeResponse.java:62)<br/>
                                org.openqa.selenium.remote.HandshakeResponse.lambda$getResponseFunction$0(HandshakeResponse.java:30)<br/>
                                org.openqa.selenium.remote.ProtocolHandshake.lambda$createSession$0(ProtocolHandshake.java:126)<br/>
                                java.util.stream.ReferencePipeline$3$1.accept(ReferencePipeline.java:193)<br/>
                                java.util.Spliterators$ArraySpliterator.tryAdvance(Spliterators.java:958)<br/>
                                java.util.stream.ReferencePipeline.forEachWithCancel(ReferencePipeline.java:126)<br/>
                                java.util.stream.AbstractPipeline.copyIntoWithCancel(AbstractPipeline.java:498)<br/>
                                java.util.stream.AbstractPipeline.copyInto(AbstractPipeline.java:485)<br/>
                                java.util.stream.AbstractPipeline.wrapAndCopyInto(AbstractPipeline.java:471)<br/>
                                java.util.stream.FindOps$FindOp.evaluateSequential(FindOps.java:152)<br/>
                                java.util.stream.AbstractPipeline.evaluate(AbstractPipeline.java:234)<br/>
                                java.util.stream.ReferencePipeline.findFirst(ReferencePipeline.java:464)<br/>
                                org.openqa.selenium.remote.ProtocolHandshake.createSession(ProtocolHandshake.java:128)<br/>
                                sun.reflect.NativeMethodAccessorImpl.invoke0(Native Method)<br/>
                                sun.reflect.NativeMethodAccessorImpl.invoke(NativeMethodAccessorImpl.java:62)<br/>
                                sun.reflect.DelegatingMethodAccessorImpl.invoke(DelegatingMethodAccessorImpl.java:43)<br/>
                                java.lang.reflect.Method.invoke(Method.java:498)<br/>
                                io.appium.java_client.remote.AppiumCommandExecutor$1.createSession(AppiumCommandExecutor.java:186)<br/>
                                io.appium.java_client.remote.AppiumCommandExecutor.createSession(AppiumCommandExecutor.java:217)<br/>
                                io.appium.java_client.remote.AppiumCommandExecutor.execute(AppiumCommandExecutor.java:239)<br/>
                                org.openqa.selenium.remote.RemoteWebDriver.execute(RemoteWebDriver.java:552)<br/>
                                io.appium.java_client.DefaultGenericMobileDriver.execute(DefaultGenericMobileDriver.java:41)<br/>
                                io.appium.java_client.AppiumDriver.execute(AppiumDriver.java:1)<br/>
                                org.openqa.selenium.remote.RemoteWebDriver.startSession(RemoteWebDriver.java:213)<br/>
                                io.appium.java_client.AppiumDriver.startSession(AppiumDriver.java:336)<br/>
                                org.openqa.selenium.remote.RemoteWebDriver.&lt;init&gt;(RemoteWebDriver.java:131)<br/>
                                io.appium.java_client.DefaultGenericMobileDriver.&lt;init&gt;(DefaultGenericMobileDriver.java:37)<br/>
                                io.appium.java_client.AppiumDriver.&lt;init&gt;(AppiumDriver.java:88)<br/>
                                io.appium.java_client.AppiumDriver.&lt;init&gt;(AppiumDriver.java:98)<br/>
                                Base.DriverFactory.launchAppiumDriver(DriverFactory.java:47)<br/>
                                Base.DriverFactory.initAppiumDriver(DriverFactory.java:64)<br/>
                                SelectProductTest.beforeTest(SelectProductTest.java:19)<br/>
                                sun.reflect.NativeMethodAccessorImpl.invoke0(Native Method)<br/>
                                sun.reflect.NativeMethodAccessorImpl.invoke(NativeMethodAccessorImpl.java:62)<br/>
                                sun.reflect.DelegatingMethodAccessorImpl.invoke(DelegatingMethodAccessorImpl.java:43)<br/>
                                java.lang.reflect.Method.invoke(Method.java:498)<br/>
                                org.testng.internal.MethodInvocationHelper.invokeMethod(MethodInvocationHelper.java:124)<br/>
                                org.testng.internal.MethodInvocationHelper.invokeMethodConsideringTimeout(MethodInvocationHelper.java:59)<br/>
                                org.testng.internal.Invoker.invokeConfigurationMethod(Invoker.java:458)<br/>
                                org.testng.internal.Invoker.invokeConfigurations(Invoker.java:222)<br/>
                                org.testng.internal.Invoker.invokeMethod(Invoker.java:523)<br/>
                                org.testng.internal.Invoker.invokeTestMethod(Invoker.java:719)<br/>
                                org.testng.internal.Invoker.invokeTestMethods(Invoker.java:989)<br/>
                                org.testng.internal.TestMethodWorker.invokeTestMethods(TestMethodWorker.java:125)<br/>
                                org.testng.internal.TestMethodWorker.run(TestMethodWorker.java:109)<br/>
                                org.testng.TestRunner.privateRun(TestRunner.java:648)<br/>
                                org.testng.TestRunner.run(TestRunner.java:505)<br/>
                                org.testng.SuiteRunner.runTest(SuiteRunner.java:455)<br/>
                                org.testng.SuiteRunner.runSequentially(SuiteRunner.java:450)<br/>
                                org.testng.SuiteRunner.privateRun(SuiteRunner.java:415)<br/>
                                org.testng.SuiteRunner.run(SuiteRunner.java:364)<br/>
                                org.testng.SuiteRunnerWorker.runSuite(SuiteRunnerWorker.java:52)<br/>
                                org.testng.SuiteRunnerWorker.run(SuiteRunnerWorker.java:84)<br/>
                                org.testng.TestNG.runSuitesSequentially(TestNG.java:1208)<br/>
                                org.testng.TestNG.runSuitesLocally(TestNG.java:1137)<br/>
                                org.testng.TestNG.runSuites(TestNG.java:1049)<br/>
                                org.testng.TestNG.run(TestNG.java:1017)<br/>
                                org.testng.IDEARemoteTestNG.run(IDEARemoteTestNG.java:72)<br/>
                                org.testng.RemoteTestNGStarter.main(RemoteTestNGStarter.java:123)<br/>
                        </div>
                </div>
        </td>
    </tr>

            <tr>
                <td colspan="3">&nbsp;</td>
            </tr>
            <tr>
                <td colspan="3"
                    class="header skippedConfig">Skipped Configuration</td>
            </tr>
                <tr class="group">
                    <td colspan="3">SelectProductTest</td>
                </tr>
    <tr>
        <td class="method">
                afterTest
        </td>
        <td class="duration">
            0.000s
        </td>
        <td class="result">
            <!-- Display the dependencies for skipped test methods -->




            <!-- Show logger output for the test -->

        </td>
    </tr>
    </table>


    <table class="resultsTable" width="100%">
        <tr>
            <th colspan="3" class="header skipped">Skipped Tests</th>
        </tr>
            <tr>
                <td class="group" colspan="3">SelectProductTest</td>
            </tr>
    <tr>
        <td class="method">
                selectProductInAmzon
        </td>
        <td class="duration">
            0.000s
        </td>
        <td class="result">
            <!-- Display the dependencies for skipped test methods -->




            <!-- Show logger output for the test -->

        </td>
    </tr>
    </table>


<script type="text/javascript" src="reportng.js"></script>
</body>
